<?xml version="1.0" encoding="UTF-8"?>
<testng-results ignored="0" total="1" passed="1" failed="0" skipped="0">
  <reporter-output>
  </reporter-output>
  <suite started-at="2023-10-23T11:43:44 AST" name="Default suite" finished-at="2023-10-23T11:43:51 AST" duration-ms="7059">
    <groups>
    </groups>
    <test started-at="2023-10-23T11:43:44 AST" name="Default test" finished-at="2023-10-23T11:43:51 AST" duration-ms="7059">
      <class name="SignUpTest">
        <test-method is-config="true" signature="myBeforTest()[pri:0, instance:SignUpTest@5ad10c1a]" started-at="2023-10-23T11:43:44 AST" name="myBeforTest" finished-at="2023-10-23T11:43:51 AST" duration-ms="6555" status="PASS">
          <reporter-output>
          </reporter-output>
        </test-method> <!-- myBeforTest -->
        <test-method signature="myTestOne()[pri:0, instance:SignUpTest@5ad10c1a]" started-at="2023-10-23T11:43:51 AST" name="myTestOne" finished-at="2023-10-23T11:43:51 AST" duration-ms="452" status="PASS">
          <reporter-output>
          </reporter-output>
        </test-method> <!-- myTestOne -->
        <test-method is-config="true" signature="myAfterTest()[pri:0, instance:SignUpTest@5ad10c1a]" started-at="2023-10-23T11:43:51 AST" name="myAfterTest" finished-at="2023-10-23T11:43:51 AST" duration-ms="1" status="PASS">
          <reporter-output>
          </reporter-output>
        </test-method> <!-- myAfterTest -->
      </class> <!-- SignUpTest -->
    </test> <!-- Default test -->
  </suite> <!-- Default suite -->
</testng-results>
